f:\candc++\notepad\debug\notepad.pch
f:\candc++\notepad\debug\vc140.pdb
f:\candc++\notepad\debug\vc140.idb
f:\candc++\notepad\debug\stdafx.obj
f:\candc++\notepad\debug\about.obj
f:\candc++\notepad\debug\dataoperate.obj
f:\candc++\notepad\debug\notepad.obj
f:\candc++\notepad\debug\notepaddlg.obj
f:\candc++\notepad\debug\notepad.ilk
f:\candc++\notepad\debug\notepad.exe
f:\candc++\notepad\debug\notepad.pdb
f:\candc++\notepad\debug\notepad.res
f:\candc++\notepad\.\debug\notepad.exe
f:\candc++\notepad\debug\notepad.tlog\cl.command.1.tlog
f:\candc++\notepad\debug\notepad.tlog\cl.read.1.tlog
f:\candc++\notepad\debug\notepad.tlog\cl.write.1.tlog
f:\candc++\notepad\debug\notepad.tlog\link.command.1.tlog
f:\candc++\notepad\debug\notepad.tlog\link.read.1.tlog
f:\candc++\notepad\debug\notepad.tlog\link.write.1.tlog
f:\candc++\notepad\debug\notepad.tlog\rc.command.1.tlog
f:\candc++\notepad\debug\notepad.tlog\rc.read.1.tlog
f:\candc++\notepad\debug\notepad.tlog\rc.write.1.tlog
